<?xml version="1.0" encoding="UTF-8"?>
<!-- Generated by org.testng.reporters.JUnitReportReporter -->
<testsuite skipped="1" hostname="LAPTOP-A4KHUI6J" name="tests.LoginPageTest" tests="2" failures="0" timestamp="18 Feb 2019 14:06:53 GMT" time="0.416" errors="1">
  <testcase name="login" time="0.000" classname="tests.LoginPageTest">
    <skipped/>
  </testcase> <!-- login -->
  <testcase name="setUp" time="0.416" classname="tests.LoginPageTest">
    <error type="java.lang.StackOverflowError">
      <![CDATA[java.lang.StackOverflowError
at java.io.InputStream.<init>(Unknown Source)
at java.io.FileInputStream.<init>(Unknown Source)
at java.io.FileInputStream.<init>(Unknown Source)
at testbase.TestBase.<init>(TestBase.java:21)
at pages.LoginPage.<init>(LoginPage.java:27)
at sun.reflect.GeneratedConstructorAccessor3.newInstance(Unknown Source)
at sun.reflect.DelegatingConstructorAccessorImpl.newInstance(Unknown Source)
at java.lang.reflect.Constructor.newInstance(Unknown Source)
at java.lang.Class.newInstance(Unknown Source)
at org.openqa.selenium.support.PageFactory.instantiatePage(PageFactory.java:131)
at org.openqa.selenium.support.PageFactory.initElements(PageFactory.java:64)
at pages.LoginPage.<init>(LoginPage.java:29)
at sun.reflect.GeneratedConstructorAccessor3.newInstance(Unknown Source)
at sun.reflect.DelegatingConstructorAccessorImpl.newInstance(Unknown Source)
at java.lang.reflect.Constructor.newInstance(Unknown Source)
at java.lang.Class.newInstance(Unknown Source)
at org.openqa.selenium.support.PageFactory.instantiatePage(PageFactory.java:131)
at org.openqa.selenium.support.PageFactory.initElements(PageFactory.java:64)
at pages.LoginPage.<init>(LoginPage.java:29)
at sun.reflect.GeneratedConstructorAccessor3.newInstance(Unknown Source)
at sun.reflect.DelegatingConstructorAccessorImpl.newInstance(Unknown Source)
at java.lang.reflect.Constructor.newInstance(Unknown Source)
at java.lang.Class.newInstance(Unknown Source)
at org.openqa.selenium.support.PageFactory.instantiatePage(PageFactory.java:131)
at org.openqa.selenium.support.PageFactory.initElements(PageFactory.java:64)
at pages.LoginPage.<init>(LoginPage.java:29)
at sun.reflect.GeneratedConstructorAccessor3.newInstance(Unknown Source)
at sun.reflect.DelegatingConstructorAccessorImpl.newInstance(Unknown Source)
at java.lang.reflect.Constructor.newInstance(Unknown Source)
at java.lang.Class.newInstance(Unknown Source)
at org.openqa.selenium.support.PageFactory.instantiatePage(PageFactory.java:131)
at org.openqa.selenium.support.PageFactory.initElements(PageFactory.java:64)
at pages.LoginPage.<init>(LoginPage.java:29)
at sun.reflect.GeneratedConstructorAccessor3.newInstance(Unknown Source)
at sun.reflect.DelegatingConstructorAccessorImpl.newInstance(Unknown Source)
at java.lang.reflect.Constructor.newInstance(Unknown Source)
at java.lang.Class.newInstance(Unknown Source)
at org.openqa.selenium.support.PageFactory.instantiatePage(PageFactory.java:131)
at org.openqa.selenium.support.PageFactory.initElements(PageFactory.java:64)
at pages.LoginPage.<init>(LoginPage.java:29)
at sun.reflect.GeneratedConstructorAccessor3.newInstance(Unknown Source)
at sun.reflect.DelegatingConstructorAccessorImpl.newInstance(Unknown Source)
at java.lang.reflect.Constructor.newInstance(Unknown Source)
at java.lang.Class.newInstance(Unknown Source)
at org.openqa.selenium.support.PageFactory.instantiatePage(PageFactory.java:131)
at org.openqa.selenium.support.PageFactory.initElements(PageFactory.java:64)
at pages.LoginPage.<init>(LoginPage.java:29)
at sun.reflect.GeneratedConstructorAccessor3.newInstance(Unknown Source)
at sun.reflect.DelegatingConstructorAccessorImpl.newInstance(Unknown Source)
at java.lang.reflect.Constructor.newInstance(Unknown Source)
at java.lang.Class.newInstance(Unknown Source)
at org.openqa.selenium.support.PageFactory.instantiatePage(PageFactory.java:131)
at org.openqa.selenium.support.PageFactory.initElements(PageFactory.java:64)
at pages.LoginPage.<init>(LoginPage.java:29)
at sun.reflect.GeneratedConstructorAccessor3.newInstance(Unknown Source)
at sun.reflect.DelegatingConstructorAccessorImpl.newInstance(Unknown Source)
at java.lang.reflect.Constructor.newInstance(Unknown Source)
at java.lang.Class.newInstance(Unknown Source)
at org.openqa.selenium.support.PageFactory.instantiatePage(PageFactory.java:131)
at org.openqa.selenium.support.PageFactory.initElements(PageFactory.java:64)
at pages.LoginPage.<init>(LoginPage.java:29)
at sun.reflect.GeneratedConstructorAccessor3.newInstance(Unknown Source)
at sun.reflect.DelegatingConstructorAccessorImpl.newInstance(Unknown Source)
at java.lang.reflect.Constructor.newInstance(Unknown Source)
at java.lang.Class.newInstance(Unknown Source)
at org.openqa.selenium.support.PageFactory.instantiatePage(PageFactory.java:131)
at org.openqa.selenium.support.PageFactory.initElements(PageFactory.java:64)
at pages.LoginPage.<init>(LoginPage.java:29)
at sun.reflect.GeneratedConstructorAccessor3.newInstance(Unknown Source)
at sun.reflect.DelegatingConstructorAccessorImpl.newInstance(Unknown Source)
at java.lang.reflect.Constructor.newInstance(Unknown Source)
at java.lang.Class.newInstance(Unknown Source)
at org.openqa.selenium.support.PageFactory.instantiatePage(PageFactory.java:131)
at org.openqa.selenium.support.PageFactory.initElements(PageFactory.java:64)
at pages.LoginPage.<init>(LoginPage.java:29)
at sun.reflect.GeneratedConstructorAccessor3.newInstance(Unknown Source)
at sun.reflect.DelegatingConstructorAccessorImpl.newInstance(Unknown Source)
at java.lang.reflect.Constructor.newInstance(Unknown Source)
at java.lang.Class.newInstance(Unknown Source)
at org.openqa.selenium.support.PageFactory.instantiatePage(PageFactory.java:131)
at org.openqa.selenium.support.PageFactory.initElements(PageFactory.java:64)
at pages.LoginPage.<init>(LoginPage.java:29)
at sun.reflect.GeneratedConstructorAccessor3.newInstance(Unknown Source)
at sun.reflect.DelegatingConstructorAccessorImpl.newInstance(Unknown Source)
at java.lang.reflect.Constructor.newInstance(Unknown Source)
at java.lang.Class.newInstance(Unknown Source)
at org.openqa.selenium.support.PageFactory.instantiatePage(PageFactory.java:131)
at org.openqa.selenium.support.PageFactory.initElements(PageFactory.java:64)
at pages.LoginPage.<init>(LoginPage.java:29)
at sun.reflect.GeneratedConstructorAccessor3.newInstance(Unknown Source)
at sun.reflect.DelegatingConstructorAccessorImpl.newInstance(Unknown Source)
at java.lang.reflect.Constructor.newInstance(Unknown Source)
at java.lang.Class.newInstance(Unknown Source)
at org.openqa.selenium.support.PageFactory.instantiatePage(PageFactory.java:131)
at org.openqa.selenium.support.PageFactory.initElements(PageFactory.java:64)
at pages.LoginPage.<init>(LoginPage.java:29)
at sun.reflect.GeneratedConstructorAccessor3.newInstance(Unknown Source)
at sun.reflect.DelegatingConstructorAccessorImpl.newInstance(Unknown Source)
at java.lang.reflect.Constructor.newInstance(Unknown Source)
at java.lang.Class.newInstance(Unknown Source)
at org.openqa.selenium.support.PageFactory.instantiatePage(PageFactory.java:131)
at org.openqa.selenium.support.PageFactory.initElements(PageFactory.java:64)
at pages.LoginPage.<init>(LoginPage.java:29)
at sun.reflect.GeneratedConstructorAccessor3.newInstance(Unknown Source)
at sun.reflect.DelegatingConstructorAccessorImpl.newInstance(Unknown Source)
at java.lang.reflect.Constructor.newInstance(Unknown Source)
at java.lang.Class.newInstance(Unknown Source)
at org.openqa.selenium.support.PageFactory.instantiatePage(PageFactory.java:131)
at org.openqa.selenium.support.PageFactory.initElements(PageFactory.java:64)
at pages.LoginPage.<init>(LoginPage.java:29)
at sun.reflect.GeneratedConstructorAccessor3.newInstance(Unknown Source)
at sun.reflect.DelegatingConstructorAccessorImpl.newInstance(Unknown Source)
at java.lang.reflect.Constructor.newInstance(Unknown Source)
at java.lang.Class.newInstance(Unknown Source)
at org.openqa.selenium.support.PageFactory.instantiatePage(PageFactory.java:131)
at org.openqa.selenium.support.PageFactory.initElements(PageFactory.java:64)
at pages.LoginPage.<init>(LoginPage.java:29)
at sun.reflect.GeneratedConstructorAccessor3.newInstance(Unknown Source)
at sun.reflect.DelegatingConstructorAccessorImpl.newInstance(Unknown Source)
at java.lang.reflect.Constructor.newInstance(Unknown Source)
at java.lang.Class.newInstance(Unknown Source)
at org.openqa.selenium.support.PageFactory.instantiatePage(PageFactory.java:131)
at org.openqa.selenium.support.PageFactory.initElements(PageFactory.java:64)
at pages.LoginPage.<init>(LoginPage.java:29)
at sun.reflect.GeneratedConstructorAccessor3.newInstance(Unknown Source)
at sun.reflect.DelegatingConstructorAccessorImpl.newInstance(Unknown Source)
at java.lang.reflect.Constructor.newInstance(Unknown Source)
at java.lang.Class.newInstance(Unknown Source)
at org.openqa.selenium.support.PageFactory.instantiatePage(PageFactory.java:131)
at org.openqa.selenium.support.PageFactory.initElements(PageFactory.java:64)
at pages.LoginPage.<init>(LoginPage.java:29)
at sun.reflect.GeneratedConstructorAccessor3.newInstance(Unknown Source)
at sun.reflect.DelegatingConstructorAccessorImpl.newInstance(Unknown Source)
at java.lang.reflect.Constructor.newInstance(Unknown Source)
at java.lang.Class.newInstance(Unknown Source)
at org.openqa.selenium.support.PageFactory.instantiatePage(PageFactory.java:131)
at org.openqa.selenium.support.PageFactory.initElements(PageFactory.java:64)
at pages.LoginPage.<init>(LoginPage.java:29)
at sun.reflect.GeneratedConstructorAccessor3.newInstance(Unknown Source)
at sun.reflect.DelegatingConstructorAccessorImpl.newInstance(Unknown Source)
at java.lang.reflect.Constructor.newInstance(Unknown Source)
at java.lang.Class.newInstance(Unknown Source)
at org.openqa.selenium.support.PageFactory.instantiatePage(PageFactory.java:131)
at org.openqa.selenium.support.PageFactory.initElements(PageFactory.java:64)
at pages.LoginPage.<init>(LoginPage.java:29)
at sun.reflect.GeneratedConstructorAccessor3.newInstance(Unknown Source)
at sun.reflect.DelegatingConstructorAccessorImpl.newInstance(Unknown Source)
at java.lang.reflect.Constructor.newInstance(Unknown Source)
at java.lang.Class.newInstance(Unknown Source)
at org.openqa.selenium.support.PageFactory.instantiatePage(PageFactory.java:131)
at org.openqa.selenium.support.PageFactory.initElements(PageFactory.java:64)
at pages.LoginPage.<init>(LoginPage.java:29)
at sun.reflect.GeneratedConstructorAccessor3.newInstance(Unknown Source)
at sun.reflect.DelegatingConstructorAccessorImpl.newInstance(Unknown Source)
at java.lang.reflect.Constructor.newInstance(Unknown Source)
at java.lang.Class.newInstance(Unknown Source)
at org.openqa.selenium.support.PageFactory.instantiatePage(PageFactory.java:131)
at org.openqa.selenium.support.PageFactory.initElements(PageFactory.java:64)
at pages.LoginPage.<init>(LoginPage.java:29)
at sun.reflect.GeneratedConstructorAccessor3.newInstance(Unknown Source)
at sun.reflect.DelegatingConstructorAccessorImpl.newInstance(Unknown Source)
at java.lang.reflect.Constructor.newInstance(Unknown Source)
at java.lang.Class.newInstance(Unknown Source)
at org.openqa.selenium.support.PageFactory.instantiatePage(PageFactory.java:131)
at org.openqa.selenium.support.PageFactory.initElements(PageFactory.java:64)
at pages.LoginPage.<init>(LoginPage.java:29)
at sun.reflect.GeneratedConstructorAccessor3.newInstance(Unknown Source)
at sun.reflect.DelegatingConstructorAccessorImpl.newInstance(Unknown Source)
at java.lang.reflect.Constructor.newInstance(Unknown Source)
at java.lang.Class.newInstance(Unknown Source)
at org.openqa.selenium.support.PageFactory.instantiatePage(PageFactory.java:131)
at org.openqa.selenium.support.PageFactory.initElements(PageFactory.java:64)
at pages.LoginPage.<init>(LoginPage.java:29)
at sun.reflect.GeneratedConstructorAccessor3.newInstance(Unknown Source)
at sun.reflect.DelegatingConstructorAccessorImpl.newInstance(Unknown Source)
at java.lang.reflect.Constructor.newInstance(Unknown Source)
at java.lang.Class.newInstance(Unknown Source)
at org.openqa.selenium.support.PageFactory.instantiatePage(PageFactory.java:131)
at org.openqa.selenium.support.PageFactory.initElements(PageFactory.java:64)
at pages.LoginPage.<init>(LoginPage.java:29)
at sun.reflect.GeneratedConstructorAccessor3.newInstance(Unknown Source)
at sun.reflect.DelegatingConstructorAccessorImpl.newInstance(Unknown Source)
at java.lang.reflect.Constructor.newInstance(Unknown Source)
at java.lang.Class.newInstance(Unknown Source)
at org.openqa.selenium.support.PageFactory.instantiatePage(PageFactory.java:131)
at org.openqa.selenium.support.PageFactory.initElements(PageFactory.java:64)
at pages.LoginPage.<init>(LoginPage.java:29)
at sun.reflect.GeneratedConstructorAccessor3.newInstance(Unknown Source)
at sun.reflect.DelegatingConstructorAccessorImpl.newInstance(Unknown Source)
at java.lang.reflect.Constructor.newInstance(Unknown Source)
at java.lang.Class.newInstance(Unknown Source)
at org.openqa.selenium.support.PageFactory.instantiatePage(PageFactory.java:131)
at org.openqa.selenium.support.PageFactory.initElements(PageFactory.java:64)
at pages.LoginPage.<init>(LoginPage.java:29)
at sun.reflect.GeneratedConstructorAccessor3.newInstance(Unknown Source)
at sun.reflect.DelegatingConstructorAccessorImpl.newInstance(Unknown Source)
at java.lang.reflect.Constructor.newInstance(Unknown Source)
at java.lang.Class.newInstance(Unknown Source)
at org.openqa.selenium.support.PageFactory.instantiatePage(PageFactory.java:131)
at org.openqa.selenium.support.PageFactory.initElements(PageFactory.java:64)
at pages.LoginPage.<init>(LoginPage.java:29)
at sun.reflect.GeneratedConstructorAccessor3.newInstance(Unknown Source)
at sun.reflect.DelegatingConstructorAccessorImpl.newInstance(Unknown Source)
at java.lang.reflect.Constructor.newInstance(Unknown Source)
at java.lang.Class.newInstance(Unknown Source)
at org.openqa.selenium.support.PageFactory.instantiatePage(PageFactory.java:131)
at org.openqa.selenium.support.PageFactory.initElements(PageFactory.java:64)
at pages.LoginPage.<init>(LoginPage.java:29)
at sun.reflect.GeneratedConstructorAccessor3.newInstance(Unknown Source)
at sun.reflect.DelegatingConstructorAccessorImpl.newInstance(Unknown Source)
at java.lang.reflect.Constructor.newInstance(Unknown Source)
at java.lang.Class.newInstance(Unknown Source)
at org.openqa.selenium.support.PageFactory.instantiatePage(PageFactory.java:131)
at org.openqa.selenium.support.PageFactory.initElements(PageFactory.java:64)
at pages.LoginPage.<init>(LoginPage.java:29)
at sun.reflect.GeneratedConstructorAccessor3.newInstance(Unknown Source)
at sun.reflect.DelegatingConstructorAccessorImpl.newInstance(Unknown Source)
at java.lang.reflect.Constructor.newInstance(Unknown Source)
at java.lang.Class.newInstance(Unknown Source)
at org.openqa.selenium.support.PageFactory.instantiatePage(PageFactory.java:131)
at org.openqa.selenium.support.PageFactory.initElements(PageFactory.java:64)
at pages.LoginPage.<init>(LoginPage.java:29)
at sun.reflect.GeneratedConstructorAccessor3.newInstance(Unknown Source)
at sun.reflect.DelegatingConstructorAccessorImpl.newInstance(Unknown Source)
at java.lang.reflect.Constructor.newInstance(Unknown Source)
at java.lang.Class.newInstance(Unknown Source)
at org.openqa.selenium.support.PageFactory.instantiatePage(PageFactory.java:131)
at org.openqa.selenium.support.PageFactory.initElements(PageFactory.java:64)
at pages.LoginPage.<init>(LoginPage.java:29)
at sun.reflect.GeneratedConstructorAccessor3.newInstance(Unknown Source)
at sun.reflect.DelegatingConstructorAccessorImpl.newInstance(Unknown Source)
at java.lang.reflect.Constructor.newInstance(Unknown Source)
at java.lang.Class.newInstance(Unknown Source)
at org.openqa.selenium.support.PageFactory.instantiatePage(PageFactory.java:131)
at org.openqa.selenium.support.PageFactory.initElements(PageFactory.java:64)
at pages.LoginPage.<init>(LoginPage.java:29)
at sun.reflect.GeneratedConstructorAccessor3.newInstance(Unknown Source)
at sun.reflect.DelegatingConstructorAccessorImpl.newInstance(Unknown Source)
at java.lang.reflect.Constructor.newInstance(Unknown Source)
at java.lang.Class.newInstance(Unknown Source)
at org.openqa.selenium.support.PageFactory.instantiatePage(PageFactory.java:131)
at org.openqa.selenium.support.PageFactory.initElements(PageFactory.java:64)
at pages.LoginPage.<init>(LoginPage.java:29)
at sun.reflect.GeneratedConstructorAccessor3.newInstance(Unknown Source)
at sun.reflect.DelegatingConstructorAccessorImpl.newInstance(Unknown Source)
at java.lang.reflect.Constructor.newInstance(Unknown Source)
at java.lang.Class.newInstance(Unknown Source)
at org.openqa.selenium.support.PageFactory.instantiatePage(PageFactory.java:131)
at org.openqa.selenium.support.PageFactory.initElements(PageFactory.java:64)
at pages.LoginPage.<init>(LoginPage.java:29)
at sun.reflect.GeneratedConstructorAccessor3.newInstance(Unknown Source)
at sun.reflect.DelegatingConstructorAccessorImpl.newInstance(Unknown Source)
at java.lang.reflect.Constructor.newInstance(Unknown Source)
at java.lang.Class.newInstance(Unknown Source)
at org.openqa.selenium.support.PageFactory.instantiatePage(PageFactory.java:131)
at org.openqa.selenium.support.PageFactory.initElements(PageFactory.java:64)
at pages.LoginPage.<init>(LoginPage.java:29)
at sun.reflect.GeneratedConstructorAccessor3.newInstance(Unknown Source)
at sun.reflect.DelegatingConstructorAccessorImpl.newInstance(Unknown Source)
at java.lang.reflect.Constructor.newInstance(Unknown Source)
at java.lang.Class.newInstance(Unknown Source)
at org.openqa.selenium.support.PageFactory.instantiatePage(PageFactory.java:131)
at org.openqa.selenium.support.PageFactory.initElements(PageFactory.java:64)
at pages.LoginPage.<init>(LoginPage.java:29)
at sun.reflect.GeneratedConstructorAccessor3.newInstance(Unknown Source)
at sun.reflect.DelegatingConstructorAccessorImpl.newInstance(Unknown Source)
at java.lang.reflect.Constructor.newInstance(Unknown Source)
at java.lang.Class.newInstance(Unknown Source)
at org.openqa.selenium.support.PageFactory.instantiatePage(PageFactory.java:131)
at org.openqa.selenium.support.PageFactory.initElements(PageFactory.java:64)
at pages.LoginPage.<init>(LoginPage.java:29)
at sun.reflect.GeneratedConstructorAccessor3.newInstance(Unknown Source)
at sun.reflect.DelegatingConstructorAccessorImpl.newInstance(Unknown Source)
at java.lang.reflect.Constructor.newInstance(Unknown Source)
at java.lang.Class.newInstance(Unknown Source)
at org.openqa.selenium.support.PageFactory.instantiatePage(PageFactory.java:131)
at org.openqa.selenium.support.PageFactory.initElements(PageFactory.java:64)
at pages.LoginPage.<init>(LoginPage.java:29)
at sun.reflect.GeneratedConstructorAccessor3.newInstance(Unknown Source)
at sun.reflect.DelegatingConstructorAccessorImpl.newInstance(Unknown Source)
at java.lang.reflect.Constructor.newInstance(Unknown Source)
at java.lang.Class.newInstance(Unknown Source)
at org.openqa.selenium.support.PageFactory.instantiatePage(PageFactory.java:131)
at org.openqa.selenium.support.PageFactory.initElements(PageFactory.java:64)
at pages.LoginPage.<init>(LoginPage.java:29)
at sun.reflect.GeneratedConstructorAccessor3.newInstance(Unknown Source)
at sun.reflect.DelegatingConstructorAccessorImpl.newInstance(Unknown Source)
at java.lang.reflect.Constructor.newInstance(Unknown Source)
at java.lang.Class.newInstance(Unknown Source)
at org.openqa.selenium.support.PageFactory.instantiatePage(PageFactory.java:131)
at org.openqa.selenium.support.PageFactory.initElements(PageFactory.java:64)
at pages.LoginPage.<init>(LoginPage.java:29)
at sun.reflect.GeneratedConstructorAccessor3.newInstance(Unknown Source)
at sun.reflect.DelegatingConstructorAccessorImpl.newInstance(Unknown Source)
at java.lang.reflect.Constructor.newInstance(Unknown Source)
at java.lang.Class.newInstance(Unknown Source)
at org.openqa.selenium.support.PageFactory.instantiatePage(PageFactory.java:131)
at org.openqa.selenium.support.PageFactory.initElements(PageFactory.java:64)
at pages.LoginPage.<init>(LoginPage.java:29)
at sun.reflect.GeneratedConstructorAccessor3.newInstance(Unknown Source)
at sun.reflect.DelegatingConstructorAccessorImpl.newInstance(Unknown Source)
at java.lang.reflect.Constructor.newInstance(Unknown Source)
at java.lang.Class.newInstance(Unknown Source)
at org.openqa.selenium.support.PageFactory.instantiatePage(PageFactory.java:131)
at org.openqa.selenium.support.PageFactory.initElements(PageFactory.java:64)
at pages.LoginPage.<init>(LoginPage.java:29)
at sun.reflect.GeneratedConstructorAccessor3.newInstance(Unknown Source)
at sun.reflect.DelegatingConstructorAccessorImpl.newInstance(Unknown Source)
at java.lang.reflect.Constructor.newInstance(Unknown Source)
at java.lang.Class.newInstance(Unknown Source)
at org.openqa.selenium.support.PageFactory.instantiatePage(PageFactory.java:131)
at org.openqa.selenium.support.PageFactory.initElements(PageFactory.java:64)
at pages.LoginPage.<init>(LoginPage.java:29)
at sun.reflect.GeneratedConstructorAccessor3.newInstance(Unknown Source)
at sun.reflect.DelegatingConstructorAccessorImpl.newInstance(Unknown Source)
at java.lang.reflect.Constructor.newInstance(Unknown Source)
at java.lang.Class.newInstance(Unknown Source)
at org.openqa.selenium.support.PageFactory.instantiatePage(PageFactory.java:131)
at org.openqa.selenium.support.PageFactory.initElements(PageFactory.java:64)
at pages.LoginPage.<init>(LoginPage.java:29)
at sun.reflect.GeneratedConstructorAccessor3.newInstance(Unknown Source)
at sun.reflect.DelegatingConstructorAccessorImpl.newInstance(Unknown Source)
at java.lang.reflect.Constructor.newInstance(Unknown Source)
at java.lang.Class.newInstance(Unknown Source)
at org.openqa.selenium.support.PageFactory.instantiatePage(PageFactory.java:131)
at org.openqa.selenium.support.PageFactory.initElements(PageFactory.java:64)
at pages.LoginPage.<init>(LoginPage.java:29)
at sun.reflect.GeneratedConstructorAccessor3.newInstance(Unknown Source)
at sun.reflect.DelegatingConstructorAccessorImpl.newInstance(Unknown Source)
at java.lang.reflect.Constructor.newInstance(Unknown Source)
at java.lang.Class.newInstance(Unknown Source)
at org.openqa.selenium.support.PageFactory.instantiatePage(PageFactory.java:131)
at org.openqa.selenium.support.PageFactory.initElements(PageFactory.java:64)
at pages.LoginPage.<init>(LoginPage.java:29)
at sun.reflect.GeneratedConstructorAccessor3.newInstance(Unknown Source)
at sun.reflect.DelegatingConstructorAccessorImpl.newInstance(Unknown Source)
at java.lang.reflect.Constructor.newInstance(Unknown Source)
at java.lang.Class.newInstance(Unknown Source)
at org.openqa.selenium.support.PageFactory.instantiatePage(PageFactory.java:131)
at org.openqa.selenium.support.PageFactory.initElements(PageFactory.java:64)
at pages.LoginPage.<init>(LoginPage.java:29)
at sun.reflect.GeneratedConstructorAccessor3.newInstance(Unknown Source)
at sun.reflect.DelegatingConstructorAccessorImpl.newInstance(Unknown Source)
at java.lang.reflect.Constructor.newInstance(Unknown Source)
at java.lang.Class.newInstance(Unknown Source)
at org.openqa.selenium.support.PageFactory.instantiatePage(PageFactory.java:131)
at org.openqa.selenium.support.PageFactory.initElements(PageFactory.java:64)
at pages.LoginPage.<init>(LoginPage.java:29)
at sun.reflect.GeneratedConstructorAccessor3.newInstance(Unknown Source)
at sun.reflect.DelegatingConstructorAccessorImpl.newInstance(Unknown Source)
at java.lang.reflect.Constructor.newInstance(Unknown Source)
at java.lang.Class.newInstance(Unknown Source)
at org.openqa.selenium.support.PageFactory.instantiatePage(PageFactory.java:131)
at org.openqa.selenium.support.PageFactory.initElements(PageFactory.java:64)
at pages.LoginPage.<init>(LoginPage.java:29)
at sun.reflect.GeneratedConstructorAccessor3.newInstance(Unknown Source)
at sun.reflect.DelegatingConstructorAccessorImpl.newInstance(Unknown Source)
at java.lang.reflect.Constructor.newInstance(Unknown Source)
at java.lang.Class.newInstance(Unknown Source)
at org.openqa.selenium.support.PageFactory.instantiatePage(PageFactory.java:131)
at org.openqa.selenium.support.PageFactory.initElements(PageFactory.java:64)
at pages.LoginPage.<init>(LoginPage.java:29)
at sun.reflect.GeneratedConstructorAccessor3.newInstance(Unknown Source)
at sun.reflect.DelegatingConstructorAccessorImpl.newInstance(Unknown Source)
at java.lang.reflect.Constructor.newInstance(Unknown Source)
at java.lang.Class.newInstance(Unknown Source)
at org.openqa.selenium.support.PageFactory.instantiatePage(PageFactory.java:131)
at org.openqa.selenium.support.PageFactory.initElements(PageFactory.java:64)
at pages.LoginPage.<init>(LoginPage.java:29)
at sun.reflect.GeneratedConstructorAccessor3.newInstance(Unknown Source)
at sun.reflect.DelegatingConstructorAccessorImpl.newInstance(Unknown Source)
at java.lang.reflect.Constructor.newInstance(Unknown Source)
at java.lang.Class.newInstance(Unknown Source)
at org.openqa.selenium.support.PageFactory.instantiatePage(PageFactory.java:131)
at org.openqa.selenium.support.PageFactory.initElements(PageFactory.java:64)
at pages.LoginPage.<init>(LoginPage.java:29)
at sun.reflect.GeneratedConstructorAccessor3.newInstance(Unknown Source)
at sun.reflect.DelegatingConstructorAccessorImpl.newInstance(Unknown Source)
at java.lang.reflect.Constructor.newInstance(Unknown Source)
at java.lang.Class.newInstance(Unknown Source)
at org.openqa.selenium.support.PageFactory.instantiatePage(PageFactory.java:131)
at org.openqa.selenium.support.PageFactory.initElements(PageFactory.java:64)
at pages.LoginPage.<init>(LoginPage.java:29)
at sun.reflect.GeneratedConstructorAccessor3.newInstance(Unknown Source)
at sun.reflect.DelegatingConstructorAccessorImpl.newInstance(Unknown Source)
at java.lang.reflect.Constructor.newInstance(Unknown Source)
at java.lang.Class.newInstance(Unknown Source)
at org.openqa.selenium.support.PageFactory.instantiatePage(PageFactory.java:131)
at org.openqa.selenium.support.PageFactory.initElements(PageFactory.java:64)
at pages.LoginPage.<init>(LoginPage.java:29)
at sun.reflect.GeneratedConstructorAccessor3.newInstance(Unknown Source)
at sun.reflect.DelegatingConstructorAccessorImpl.newInstance(Unknown Source)
at java.lang.reflect.Constructor.newInstance(Unknown Source)
at java.lang.Class.newInstance(Unknown Source)
at org.openqa.selenium.support.PageFactory.instantiatePage(PageFactory.java:131)
at org.openqa.selenium.support.PageFactory.initElements(PageFactory.java:64)
at pages.LoginPage.<init>(LoginPage.java:29)
at sun.reflect.GeneratedConstructorAccessor3.newInstance(Unknown Source)
at sun.reflect.DelegatingConstructorAccessorImpl.newInstance(Unknown Source)
at java.lang.reflect.Constructor.newInstance(Unknown Source)
at java.lang.Class.newInstance(Unknown Source)
at org.openqa.selenium.support.PageFactory.instantiatePage(PageFactory.java:131)
at org.openqa.selenium.support.PageFactory.initElements(PageFactory.java:64)
at pages.LoginPage.<init>(LoginPage.java:29)
at sun.reflect.GeneratedConstructorAccessor3.newInstance(Unknown Source)
at sun.reflect.DelegatingConstructorAccessorImpl.newInstance(Unknown Source)
at java.lang.reflect.Constructor.newInstance(Unknown Source)
at java.lang.Class.newInstance(Unknown Source)
at org.openqa.selenium.support.PageFactory.instantiatePage(PageFactory.java:131)
at org.openqa.selenium.support.PageFactory.initElements(PageFactory.java:64)
at pages.LoginPage.<init>(LoginPage.java:29)
at sun.reflect.GeneratedConstructorAccessor3.newInstance(Unknown Source)
at sun.reflect.DelegatingConstructorAccessorImpl.newInstance(Unknown Source)
at java.lang.reflect.Constructor.newInstance(Unknown Source)
at java.lang.Class.newInstance(Unknown Source)
at org.openqa.selenium.support.PageFactory.instantiatePage(PageFactory.java:131)
at org.openqa.selenium.support.PageFactory.initElements(PageFactory.java:64)
at pages.LoginPage.<init>(LoginPage.java:29)
at sun.reflect.GeneratedConstructorAccessor3.newInstance(Unknown Source)
at sun.reflect.DelegatingConstructorAccessorImpl.newInstance(Unknown Source)
at java.lang.reflect.Constructor.newInstance(Unknown Source)
at java.lang.Class.newInstance(Unknown Source)
at org.openqa.selenium.support.PageFactory.instantiatePage(PageFactory.java:131)
at org.openqa.selenium.support.PageFactory.initElements(PageFactory.java:64)
at pages.LoginPage.<init>(LoginPage.java:29)
at sun.reflect.GeneratedConstructorAccessor3.newInstance(Unknown Source)
at sun.reflect.DelegatingConstructorAccessorImpl.newInstance(Unknown Source)
at java.lang.reflect.Constructor.newInstance(Unknown Source)
at java.lang.Class.newInstance(Unknown Source)
at org.openqa.selenium.support.PageFactory.instantiatePage(PageFactory.java:131)
at org.openqa.selenium.support.PageFactory.initElements(PageFactory.java:64)
at pages.LoginPage.<init>(LoginPage.java:29)
at sun.reflect.GeneratedConstructorAccessor3.newInstance(Unknown Source)
at sun.reflect.DelegatingConstructorAccessorImpl.newInstance(Unknown Source)
at java.lang.reflect.Constructor.newInstance(Unknown Source)
at java.lang.Class.newInstance(Unknown Source)
at org.openqa.selenium.support.PageFactory.instantiatePage(PageFactory.java:131)
at org.openqa.selenium.support.PageFactory.initElements(PageFactory.java:64)
at pages.LoginPage.<init>(LoginPage.java:29)
at sun.reflect.GeneratedConstructorAccessor3.newInstance(Unknown Source)
at sun.reflect.DelegatingConstructorAccessorImpl.newInstance(Unknown Source)
at java.lang.reflect.Constructor.newInstance(Unknown Source)
at java.lang.Class.newInstance(Unknown Source)
at org.openqa.selenium.support.PageFactory.instantiatePage(PageFactory.java:131)
at org.openqa.selenium.support.PageFactory.initElements(PageFactory.java:64)
at pages.LoginPage.<init>(LoginPage.java:29)
at sun.reflect.GeneratedConstructorAccessor3.newInstance(Unknown Source)
at sun.reflect.DelegatingConstructorAccessorImpl.newInstance(Unknown Source)
at java.lang.reflect.Constructor.newInstance(Unknown Source)
at java.lang.Class.newInstance(Unknown Source)
at org.openqa.selenium.support.PageFactory.instantiatePage(PageFactory.java:131)
at org.openqa.selenium.support.PageFactory.initElements(PageFactory.java:64)
at pages.LoginPage.<init>(LoginPage.java:29)
at sun.reflect.GeneratedConstructorAccessor3.newInstance(Unknown Source)
at sun.reflect.DelegatingConstructorAccessorImpl.newInstance(Unknown Source)
at java.lang.reflect.Constructor.newInstance(Unknown Source)
at java.lang.Class.newInstance(Unknown Source)
at org.openqa.selenium.support.PageFactory.instantiatePage(PageFactory.java:131)
at org.openqa.selenium.support.PageFactory.initElements(PageFactory.java:64)
at pages.LoginPage.<init>(LoginPage.java:29)
at sun.reflect.GeneratedConstructorAccessor3.newInstance(Unknown Source)
at sun.reflect.DelegatingConstructorAccessorImpl.newInstance(Unknown Source)
at java.lang.reflect.Constructor.newInstance(Unknown Source)
at java.lang.Class.newInstance(Unknown Source)
at org.openqa.selenium.support.PageFactory.instantiatePage(PageFactory.java:131)
at org.openqa.selenium.support.PageFactory.initElements(PageFactory.java:64)
at pages.LoginPage.<init>(LoginPage.java:29)
at sun.reflect.GeneratedConstructorAccessor3.newInstance(Unknown Source)
at sun.reflect.DelegatingConstructorAccessorImpl.newInstance(Unknown Source)
at java.lang.reflect.Constructor.newInstance(Unknown Source)
at java.lang.Class.newInstance(Unknown Source)
at org.openqa.selenium.support.PageFactory.instantiatePage(PageFactory.java:131)
at org.openqa.selenium.support.PageFactory.initElements(PageFactory.java:64)
at pages.LoginPage.<init>(LoginPage.java:29)
at sun.reflect.GeneratedConstructorAccessor3.newInstance(Unknown Source)
at sun.reflect.DelegatingConstructorAccessorImpl.newInstance(Unknown Source)
at java.lang.reflect.Constructor.newInstance(Unknown Source)
at java.lang.Class.newInstance(Unknown Source)
at org.openqa.selenium.support.PageFactory.instantiatePage(PageFactory.java:131)
at org.openqa.selenium.support.PageFactory.initElements(PageFactory.java:64)
at pages.LoginPage.<init>(LoginPage.java:29)
at sun.reflect.GeneratedConstructorAccessor3.newInstance(Unknown Source)
at sun.reflect.DelegatingConstructorAccessorImpl.newInstance(Unknown Source)
at java.lang.reflect.Constructor.newInstance(Unknown Source)
at java.lang.Class.newInstance(Unknown Source)
at org.openqa.selenium.support.PageFactory.instantiatePage(PageFactory.java:131)
at org.openqa.selenium.support.PageFactory.initElements(PageFactory.java:64)
at pages.LoginPage.<init>(LoginPage.java:29)
at sun.reflect.GeneratedConstructorAccessor3.newInstance(Unknown Source)
at sun.reflect.DelegatingConstructorAccessorImpl.newInstance(Unknown Source)
at java.lang.reflect.Constructor.newInstance(Unknown Source)
at java.lang.Class.newInstance(Unknown Source)
at org.openqa.selenium.support.PageFactory.instantiatePage(PageFactory.java:131)
at org.openqa.selenium.support.PageFactory.initElements(PageFactory.java:64)
at pages.LoginPage.<init>(LoginPage.java:29)
at sun.reflect.GeneratedConstructorAccessor3.newInstance(Unknown Source)
at sun.reflect.DelegatingConstructorAccessorImpl.newInstance(Unknown Source)
at java.lang.reflect.Constructor.newInstance(Unknown Source)
at java.lang.Class.newInstance(Unknown Source)
at org.openqa.selenium.support.PageFactory.instantiatePage(PageFactory.java:131)
at org.openqa.selenium.support.PageFactory.initElements(PageFactory.java:64)
at pages.LoginPage.<init>(LoginPage.java:29)
at sun.reflect.GeneratedConstructorAccessor3.newInstance(Unknown Source)
at sun.reflect.DelegatingConstructorAccessorImpl.newInstance(Unknown Source)
at java.lang.reflect.Constructor.newInstance(Unknown Source)
at java.lang.Class.newInstance(Unknown Source)
at org.openqa.selenium.support.PageFactory.instantiatePage(PageFactory.java:131)
at org.openqa.selenium.support.PageFactory.initElements(PageFactory.java:64)
at pages.LoginPage.<init>(LoginPage.java:29)
at sun.reflect.GeneratedConstructorAccessor3.newInstance(Unknown Source)
at sun.reflect.DelegatingConstructorAccessorImpl.newInstance(Unknown Source)
at java.lang.reflect.Constructor.newInstance(Unknown Source)
at java.lang.Class.newInstance(Unknown Source)
at org.openqa.selenium.support.PageFactory.instantiatePage(PageFactory.java:131)
at org.openqa.selenium.support.PageFactory.initElements(PageFactory.java:64)
at pages.LoginPage.<init>(LoginPage.java:29)
at sun.reflect.GeneratedConstructorAccessor3.newInstance(Unknown Source)
at sun.reflect.DelegatingConstructorAccessorImpl.newInstance(Unknown Source)
at java.lang.reflect.Constructor.newInstance(Unknown Source)
at java.lang.Class.newInstance(Unknown Source)
at org.openqa.selenium.support.PageFactory.instantiatePage(PageFactory.java:131)
at org.openqa.selenium.support.PageFactory.initElements(PageFactory.java:64)
at pages.LoginPage.<init>(LoginPage.java:29)
at sun.reflect.GeneratedConstructorAccessor3.newInstance(Unknown Source)
at sun.reflect.DelegatingConstructorAccessorImpl.newInstance(Unknown Source)
at java.lang.reflect.Constructor.newInstance(Unknown Source)
at java.lang.Class.newInstance(Unknown Source)
at org.openqa.selenium.support.PageFactory.instantiatePage(PageFactory.java:131)
at org.openqa.selenium.support.PageFactory.initElements(PageFactory.java:64)
at pages.LoginPage.<init>(LoginPage.java:29)
at sun.reflect.GeneratedConstructorAccessor3.newInstance(Unknown Source)
at sun.reflect.DelegatingConstructorAccessorImpl.newInstance(Unknown Source)
at java.lang.reflect.Constructor.newInstance(Unknown Source)
at java.lang.Class.newInstance(Unknown Source)
at org.openqa.selenium.support.PageFactory.instantiatePage(PageFactory.java:131)
at org.openqa.selenium.support.PageFactory.initElements(PageFactory.java:64)
at pages.LoginPage.<init>(LoginPage.java:29)
at sun.reflect.GeneratedConstructorAccessor3.newInstance(Unknown Source)
at sun.reflect.DelegatingConstructorAccessorImpl.newInstance(Unknown Source)
at java.lang.reflect.Constructor.newInstance(Unknown Source)
at java.lang.Class.newInstance(Unknown Source)
at org.openqa.selenium.support.PageFactory.instantiatePage(PageFactory.java:131)
at org.openqa.selenium.support.PageFactory.initElements(PageFactory.java:64)
at pages.LoginPage.<init>(LoginPage.java:29)
at sun.reflect.GeneratedConstructorAccessor3.newInstance(Unknown Source)
at sun.reflect.DelegatingConstructorAccessorImpl.newInstance(Unknown Source)
at java.lang.reflect.Constructor.newInstance(Unknown Source)
at java.lang.Class.newInstance(Unknown Source)
at org.openqa.selenium.support.PageFactory.instantiatePage(PageFactory.java:131)
at org.openqa.selenium.support.PageFactory.initElements(PageFactory.java:64)
at pages.LoginPage.<init>(LoginPage.java:29)
at sun.reflect.GeneratedConstructorAccessor3.newInstance(Unknown Source)
at sun.reflect.DelegatingConstructorAccessorImpl.newInstance(Unknown Source)
at java.lang.reflect.Constructor.newInstance(Unknown Source)
at java.lang.Class.newInstance(Unknown Source)
at org.openqa.selenium.support.PageFactory.instantiatePage(PageFactory.java:131)
at org.openqa.selenium.support.PageFactory.initElements(PageFactory.java:64)
at pages.LoginPage.<init>(LoginPage.java:29)
at sun.reflect.GeneratedConstructorAccessor3.newInstance(Unknown Source)
at sun.reflect.DelegatingConstructorAccessorImpl.newInstance(Unknown Source)
at java.lang.reflect.Constructor.newInstance(Unknown Source)
at java.lang.Class.newInstance(Unknown Source)
at org.openqa.selenium.support.PageFactory.instantiatePage(PageFactory.java:131)
at org.openqa.selenium.support.PageFactory.initElements(PageFactory.java:64)
at pages.LoginPage.<init>(LoginPage.java:29)
at sun.reflect.GeneratedConstructorAccessor3.newInstance(Unknown Source)
at sun.reflect.DelegatingConstructorAccessorImpl.newInstance(Unknown Source)
at java.lang.reflect.Constructor.newInstance(Unknown Source)
at java.lang.Class.newInstance(Unknown Source)
at org.openqa.selenium.support.PageFactory.instantiatePage(PageFactory.java:131)
at org.openqa.selenium.support.PageFactory.initElements(PageFactory.java:64)
at pages.LoginPage.<init>(LoginPage.java:29)
at sun.reflect.GeneratedConstructorAccessor3.newInstance(Unknown Source)
at sun.reflect.DelegatingConstructorAccessorImpl.newInstance(Unknown Source)
at java.lang.reflect.Constructor.newInstance(Unknown Source)
at java.lang.Class.newInstance(Unknown Source)
at org.openqa.selenium.support.PageFactory.instantiatePage(PageFactory.java:131)
at org.openqa.selenium.support.PageFactory.initElements(PageFactory.java:64)
at pages.LoginPage.<init>(LoginPage.java:29)
at sun.reflect.GeneratedConstructorAccessor3.newInstance(Unknown Source)
at sun.reflect.DelegatingConstructorAccessorImpl.newInstance(Unknown Source)
at java.lang.reflect.Constructor.newInstance(Unknown Source)
at java.lang.Class.newInstance(Unknown Source)
at org.openqa.selenium.support.PageFactory.instantiatePage(PageFactory.java:131)
at org.openqa.selenium.support.PageFactory.initElements(PageFactory.java:64)
at pages.LoginPage.<init>(LoginPage.java:29)
at sun.reflect.GeneratedConstructorAccessor3.newInstance(Unknown Source)
at sun.reflect.DelegatingConstructorAccessorImpl.newInstance(Unknown Source)
at java.lang.reflect.Constructor.newInstance(Unknown Source)
at java.lang.Class.newInstance(Unknown Source)
at org.openqa.selenium.support.PageFactory.instantiatePage(PageFactory.java:131)
at org.openqa.selenium.support.PageFactory.initElements(PageFactory.java:64)
at pages.LoginPage.<init>(LoginPage.java:29)
at sun.reflect.GeneratedConstructorAccessor3.newInstance(Unknown Source)
at sun.reflect.DelegatingConstructorAccessorImpl.newInstance(Unknown Source)
at java.lang.reflect.Constructor.newInstance(Unknown Source)
at java.lang.Class.newInstance(Unknown Source)
at org.openqa.selenium.support.PageFactory.instantiatePage(PageFactory.java:131)
at org.openqa.selenium.support.PageFactory.initElements(PageFactory.java:64)
at pages.LoginPage.<init>(LoginPage.java:29)
at sun.reflect.GeneratedConstructorAccessor3.newInstance(Unknown Source)
at sun.reflect.DelegatingConstructorAccessorImpl.newInstance(Unknown Source)
at java.lang.reflect.Constructor.newInstance(Unknown Source)
at java.lang.Class.newInstance(Unknown Source)
at org.openqa.selenium.support.PageFactory.instantiatePage(PageFactory.java:131)
at org.openqa.selenium.support.PageFactory.initElements(PageFactory.java:64)
at pages.LoginPage.<init>(LoginPage.java:29)
at sun.reflect.GeneratedConstructorAccessor3.newInstance(Unknown Source)
at sun.reflect.DelegatingConstructorAccessorImpl.newInstance(Unknown Source)
at java.lang.reflect.Constructor.newInstance(Unknown Source)
at java.lang.Class.newInstance(Unknown Source)
at org.openqa.selenium.support.PageFactory.instantiatePage(PageFactory.java:131)
at org.openqa.selenium.support.PageFactory.initElements(PageFactory.java:64)
at pages.LoginPage.<init>(LoginPage.java:29)
at sun.reflect.GeneratedConstructorAccessor3.newInstance(Unknown Source)
at sun.reflect.DelegatingConstructorAccessorImpl.newInstance(Unknown Source)
at java.lang.reflect.Constructor.newInstance(Unknown Source)
at java.lang.Class.newInstance(Unknown Source)
at org.openqa.selenium.support.PageFactory.instantiatePage(PageFactory.java:131)
at org.openqa.selenium.support.PageFactory.initElements(PageFactory.java:64)
at pages.LoginPage.<init>(LoginPage.java:29)
at sun.reflect.GeneratedConstructorAccessor3.newInstance(Unknown Source)
at sun.reflect.DelegatingConstructorAccessorImpl.newInstance(Unknown Source)
at java.lang.reflect.Constructor.newInstance(Unknown Source)
at java.lang.Class.newInstance(Unknown Source)
at org.openqa.selenium.support.PageFactory.instantiatePage(PageFactory.java:131)
at org.openqa.selenium.support.PageFactory.initElements(PageFactory.java:64)
at pages.LoginPage.<init>(LoginPage.java:29)
at sun.reflect.GeneratedConstructorAccessor3.newInstance(Unknown Source)
at sun.reflect.DelegatingConstructorAccessorImpl.newInstance(Unknown Source)
at java.lang.reflect.Constructor.newInstance(Unknown Source)
at java.lang.Class.newInstance(Unknown Source)
at org.openqa.selenium.support.PageFactory.instantiatePage(PageFactory.java:131)
at org.openqa.selenium.support.PageFactory.initElements(PageFactory.java:64)
at pages.LoginPage.<init>(LoginPage.java:29)
at sun.reflect.GeneratedConstructorAccessor3.newInstance(Unknown Source)
at sun.reflect.DelegatingConstructorAccessorImpl.newInstance(Unknown Source)
at java.lang.reflect.Constructor.newInstance(Unknown Source)
at java.lang.Class.newInstance(Unknown Source)
at org.openqa.selenium.support.PageFactory.instantiatePage(PageFactory.java:131)
at org.openqa.selenium.support.PageFactory.initElements(PageFactory.java:64)
at pages.LoginPage.<init>(LoginPage.java:29)
at sun.reflect.GeneratedConstructorAccessor3.newInstance(Unknown Source)
at sun.reflect.DelegatingConstructorAccessorImpl.newInstance(Unknown Source)
at java.lang.reflect.Constructor.newInstance(Unknown Source)
at java.lang.Class.newInstance(Unknown Source)
at org.openqa.selenium.support.PageFactory.instantiatePage(PageFactory.java:131)
at org.openqa.selenium.support.PageFactory.initElements(PageFactory.java:64)
at pages.LoginPage.<init>(LoginPage.java:29)
at sun.reflect.GeneratedConstructorAccessor3.newInstance(Unknown Source)
at sun.reflect.DelegatingConstructorAccessorImpl.newInstance(Unknown Source)
at java.lang.reflect.Constructor.newInstance(Unknown Source)
at java.lang.Class.newInstance(Unknown Source)
at org.openqa.selenium.support.PageFactory.instantiatePage(PageFactory.java:131)
at org.openqa.selenium.support.PageFactory.initElements(PageFactory.java:64)
at pages.LoginPage.<init>(LoginPage.java:29)
at sun.reflect.GeneratedConstructorAccessor3.newInstance(Unknown Source)
at sun.reflect.DelegatingConstructorAccessorImpl.newInstance(Unknown Source)
at java.lang.reflect.Constructor.newInstance(Unknown Source)
at java.lang.Class.newInstance(Unknown Source)
at org.openqa.selenium.support.PageFactory.instantiatePage(PageFactory.java:131)
at org.openqa.selenium.support.PageFactory.initElements(PageFactory.java:64)
at pages.LoginPage.<init>(LoginPage.java:29)
at sun.reflect.GeneratedConstructorAccessor3.newInstance(Unknown Source)
at sun.reflect.DelegatingConstructorAccessorImpl.newInstance(Unknown Source)
at java.lang.reflect.Constructor.newInstance(Unknown Source)
at java.lang.Class.newInstance(Unknown Source)
at org.openqa.selenium.support.PageFactory.instantiatePage(PageFactory.java:131)
at org.openqa.selenium.support.PageFactory.initElements(PageFactory.java:64)
at pages.LoginPage.<init>(LoginPage.java:29)
at sun.reflect.GeneratedConstructorAccessor3.newInstance(Unknown Source)
at sun.reflect.DelegatingConstructorAccessorImpl.newInstance(Unknown Source)
at java.lang.reflect.Constructor.newInstance(Unknown Source)
at java.lang.Class.newInstance(Unknown Source)
at org.openqa.selenium.support.PageFactory.instantiatePage(PageFactory.java:131)
at org.openqa.selenium.support.PageFactory.initElements(PageFactory.java:64)
at pages.LoginPage.<init>(LoginPage.java:29)
at sun.reflect.GeneratedConstructorAccessor3.newInstance(Unknown Source)
at sun.reflect.DelegatingConstructorAccessorImpl.newInstance(Unknown Source)
at java.lang.reflect.Constructor.newInstance(Unknown Source)
at java.lang.Class.newInstance(Unknown Source)
at org.openqa.selenium.support.PageFactory.instantiatePage(PageFactory.java:131)
at org.openqa.selenium.support.PageFactory.initElements(PageFactory.java:64)
at pages.LoginPage.<init>(LoginPage.java:29)
at sun.reflect.GeneratedConstructorAccessor3.newInstance(Unknown Source)
at sun.reflect.DelegatingConstructorAccessorImpl.newInstance(Unknown Source)
at java.lang.reflect.Constructor.newInstance(Unknown Source)
at java.lang.Class.newInstance(Unknown Source)
at org.openqa.selenium.support.PageFactory.instantiatePage(PageFactory.java:131)
at org.openqa.selenium.support.PageFactory.initElements(PageFactory.java:64)
at pages.LoginPage.<init>(LoginPage.java:29)
at sun.reflect.GeneratedConstructorAccessor3.newInstance(Unknown Source)
at sun.reflect.DelegatingConstructorAccessorImpl.newInstance(Unknown Source)
at java.lang.reflect.Constructor.newInstance(Unknown Source)
at java.lang.Class.newInstance(Unknown Source)
at org.openqa.selenium.support.PageFactory.instantiatePage(PageFactory.java:131)
at org.openqa.selenium.support.PageFactory.initElements(PageFactory.java:64)
at pages.LoginPage.<init>(LoginPage.java:29)
at sun.reflect.GeneratedConstructorAccessor3.newInstance(Unknown Source)
at sun.reflect.DelegatingConstructorAccessorImpl.newInstance(Unknown Source)
at java.lang.reflect.Constructor.newInstance(Unknown Source)
at java.lang.Class.newInstance(Unknown Source)
at org.openqa.selenium.support.PageFactory.instantiatePage(PageFactory.java:131)
at org.openqa.selenium.support.PageFactory.initElements(PageFactory.java:64)
at pages.LoginPage.<init>(LoginPage.java:29)
at sun.reflect.GeneratedConstructorAccessor3.newInstance(Unknown Source)
at sun.reflect.DelegatingConstructorAccessorImpl.newInstance(Unknown Source)
at java.lang.reflect.Constructor.newInstance(Unknown Source)
at java.lang.Class.newInstance(Unknown Source)
at org.openqa.selenium.support.PageFactory.instantiatePage(PageFactory.java:131)
at org.openqa.selenium.support.PageFactory.initElements(PageFactory.java:64)
at pages.LoginPage.<init>(LoginPage.java:29)
at sun.reflect.GeneratedConstructorAccessor3.newInstance(Unknown Source)
at sun.reflect.DelegatingConstructorAccessorImpl.newInstance(Unknown Source)
at java.lang.reflect.Constructor.newInstance(Unknown Source)
at java.lang.Class.newInstance(Unknown Source)
at org.openqa.selenium.support.PageFactory.instantiatePage(PageFactory.java:131)
at org.openqa.selenium.support.PageFactory.initElements(PageFactory.java:64)
at pages.LoginPage.<init>(LoginPage.java:29)
at sun.reflect.GeneratedConstructorAccessor3.newInstance(Unknown Source)
at sun.reflect.DelegatingConstructorAccessorImpl.newInstance(Unknown Source)
at java.lang.reflect.Constructor.newInstance(Unknown Source)
at java.lang.Class.newInstance(Unknown Source)
at org.openqa.selenium.support.PageFactory.instantiatePage(PageFactory.java:131)
at org.openqa.selenium.support.PageFactory.initElements(PageFactory.java:64)
at pages.LoginPage.<init>(LoginPage.java:29)
at sun.reflect.GeneratedConstructorAccessor3.newInstance(Unknown Source)
at sun.reflect.DelegatingConstructorAccessorImpl.newInstance(Unknown Source)
at java.lang.reflect.Constructor.newInstance(Unknown Source)
at java.lang.Class.newInstance(Unknown Source)
at org.openqa.selenium.support.PageFactory.instantiatePage(PageFactory.java:131)
at org.openqa.selenium.support.PageFactory.initElements(PageFactory.java:64)
at pages.LoginPage.<init>(LoginPage.java:29)
at sun.reflect.GeneratedConstructorAccessor3.newInstance(Unknown Source)
at sun.reflect.DelegatingConstructorAccessorImpl.newInstance(Unknown Source)
at java.lang.reflect.Constructor.newInstance(Unknown Source)
at java.lang.Class.newInstance(Unknown Source)
at org.openqa.selenium.support.PageFactory.instantiatePage(PageFactory.java:131)
at org.openqa.selenium.support.PageFactory.initElements(PageFactory.java:64)
at pages.LoginPage.<init>(LoginPage.java:29)
at sun.reflect.GeneratedConstructorAccessor3.newInstance(Unknown Source)
at sun.reflect.DelegatingConstructorAccessorImpl.newInstance(Unknown Source)
at java.lang.reflect.Constructor.newInstance(Unknown Source)
at java.lang.Class.newInstance(Unknown Source)
at org.openqa.selenium.support.PageFactory.instantiatePage(PageFactory.java:131)
at org.openqa.selenium.support.PageFactory.initElements(PageFactory.java:64)
at pages.LoginPage.<init>(LoginPage.java:29)
at sun.reflect.GeneratedConstructorAccessor3.newInstance(Unknown Source)
at sun.reflect.DelegatingConstructorAccessorImpl.newInstance(Unknown Source)
at java.lang.reflect.Constructor.newInstance(Unknown Source)
at java.lang.Class.newInstance(Unknown Source)
at org.openqa.selenium.support.PageFactory.instantiatePage(PageFactory.java:131)
at org.openqa.selenium.support.PageFactory.initElements(PageFactory.java:64)
at pages.LoginPage.<init>(LoginPage.java:29)
at sun.reflect.GeneratedConstructorAccessor3.newInstance(Unknown Source)
at sun.reflect.DelegatingConstructorAccessorImpl.newInstance(Unknown Source)
at java.lang.reflect.Constructor.newInstance(Unknown Source)
at java.lang.Class.newInstance(Unknown Source)
at org.openqa.selenium.support.PageFactory.instantiatePage(PageFactory.java:131)
at org.openqa.selenium.support.PageFactory.initElements(PageFactory.java:64)
at pages.LoginPage.<init>(LoginPage.java:29)
at sun.reflect.GeneratedConstructorAccessor3.newInstance(Unknown Source)
at sun.reflect.DelegatingConstructorAccessorImpl.newInstance(Unknown Source)
at java.lang.reflect.Constructor.newInstance(Unknown Source)
at java.lang.Class.newInstance(Unknown Source)
at org.openqa.selenium.support.PageFactory.instantiatePage(PageFactory.java:131)
at org.openqa.selenium.support.PageFactory.initElements(PageFactory.java:64)
at pages.LoginPage.<init>(LoginPage.java:29)
at sun.reflect.GeneratedConstructorAccessor3.newInstance(Unknown Source)
at sun.reflect.DelegatingConstructorAccessorImpl.newInstance(Unknown Source)
at java.lang.reflect.Constructor.newInstance(Unknown Source)
at java.lang.Class.newInstance(Unknown Source)
at org.openqa.selenium.support.PageFactory.instantiatePage(PageFactory.java:131)
at org.openqa.selenium.support.PageFactory.initElements(PageFactory.java:64)
at pages.LoginPage.<init>(LoginPage.java:29)
at sun.reflect.GeneratedConstructorAccessor3.newInstance(Unknown Source)
at sun.reflect.DelegatingConstructorAccessorImpl.newInstance(Unknown Source)
at java.lang.reflect.Constructor.newInstance(Unknown Source)
at java.lang.Class.newInstance(Unknown Source)
at org.openqa.selenium.support.PageFactory.instantiatePage(PageFactory.java:131)
at org.openqa.selenium.support.PageFactory.initElements(PageFactory.java:64)
at pages.LoginPage.<init>(LoginPage.java:29)
at sun.reflect.GeneratedConstructorAccessor3.newInstance(Unknown Source)
at sun.reflect.DelegatingConstructorAccessorImpl.newInstance(Unknown Source)
at java.lang.reflect.Constructor.newInstance(Unknown Source)
at java.lang.Class.newInstance(Unknown Source)
at org.openqa.selenium.support.PageFactory.instantiatePage(PageFactory.java:131)
at org.openqa.selenium.support.PageFactory.initElements(PageFactory.java:64)
at pages.LoginPage.<init>(LoginPage.java:29)
at sun.reflect.GeneratedConstructorAccessor3.newInstance(Unknown Source)
at sun.reflect.DelegatingConstructorAccessorImpl.newInstance(Unknown Source)
at java.lang.reflect.Constructor.newInstance(Unknown Source)
at java.lang.Class.newInstance(Unknown Source)
at org.openqa.selenium.support.PageFactory.instantiatePage(PageFactory.java:131)
at org.openqa.selenium.support.PageFactory.initElements(PageFactory.java:64)
at pages.LoginPage.<init>(LoginPage.java:29)
at sun.reflect.GeneratedConstructorAccessor3.newInstance(Unknown Source)
at sun.reflect.DelegatingConstructorAccessorImpl.newInstance(Unknown Source)
at java.lang.reflect.Constructor.newInstance(Unknown Source)
at java.lang.Class.newInstance(Unknown Source)
at org.openqa.selenium.support.PageFactory.instantiatePage(PageFactory.java:131)
at org.openqa.selenium.support.PageFactory.initElements(PageFactory.java:64)
at pages.LoginPage.<init>(LoginPage.java:29)
at sun.reflect.GeneratedConstructorAccessor3.newInstance(Unknown Source)
at sun.reflect.DelegatingConstructorAccessorImpl.newInstance(Unknown Source)
at java.lang.reflect.Constructor.newInstance(Unknown Source)
at java.lang.Class.newInstance(Unknown Source)
at org.openqa.selenium.support.PageFactory.instantiatePage(PageFactory.java:131)
at org.openqa.selenium.support.PageFactory.initElements(PageFactory.java:64)
at pages.LoginPage.<init>(LoginPage.java:29)
at sun.reflect.GeneratedConstructorAccessor3.newInstance(Unknown Source)
at sun.reflect.DelegatingConstructorAccessorImpl.newInstance(Unknown Source)
at java.lang.reflect.Constructor.newInstance(Unknown Source)
at java.lang.Class.newInstance(Unknown Source)
at org.openqa.selenium.support.PageFactory.instantiatePage(PageFactory.java:131)
at org.openqa.selenium.support.PageFactory.initElements(PageFactory.java:64)
at pages.LoginPage.<init>(LoginPage.java:29)
at sun.reflect.GeneratedConstructorAccessor3.newInstance(Unknown Source)
at sun.reflect.DelegatingConstructorAccessorImpl.newInstance(Unknown Source)
at java.lang.reflect.Constructor.newInstance(Unknown Source)
at java.lang.Class.newInstance(Unknown Source)
at org.openqa.selenium.support.PageFactory.instantiatePage(PageFactory.java:131)
at org.openqa.selenium.support.PageFactory.initElements(PageFactory.java:64)
at pages.LoginPage.<init>(LoginPage.java:29)
at sun.reflect.GeneratedConstructorAccessor3.newInstance(Unknown Source)
at sun.reflect.DelegatingConstructorAccessorImpl.newInstance(Unknown Source)
at java.lang.reflect.Constructor.newInstance(Unknown Source)
at java.lang.Class.newInstance(Unknown Source)
at org.openqa.selenium.support.PageFactory.instantiatePage(PageFactory.java:131)
at org.openqa.selenium.support.PageFactory.initElements(PageFactory.java:64)
at pages.LoginPage.<init>(LoginPage.java:29)
at sun.reflect.GeneratedConstructorAccessor3.newInstance(Unknown Source)
at sun.reflect.DelegatingConstructorAccessorImpl.newInstance(Unknown Source)
at java.lang.reflect.Constructor.newInstance(Unknown Source)
at java.lang.Class.newInstance(Unknown Source)
at org.openqa.selenium.support.PageFactory.instantiatePage(PageFactory.java:131)
at org.openqa.selenium.support.PageFactory.initElements(PageFactory.java:64)
at pages.LoginPage.<init>(LoginPage.java:29)
at sun.reflect.GeneratedConstructorAccessor3.newInstance(Unknown Source)
at sun.reflect.DelegatingConstructorAccessorImpl.newInstance(Unknown Source)
at java.lang.reflect.Constructor.newInstance(Unknown Source)
at java.lang.Class.newInstance(Unknown Source)
at org.openqa.selenium.support.PageFactory.instantiatePage(PageFactory.java:131)
at org.openqa.selenium.support.PageFactory.initElements(PageFactory.java:64)
at pages.LoginPage.<init>(LoginPage.java:29)
at sun.reflect.GeneratedConstructorAccessor3.newInstance(Unknown Source)
at sun.reflect.DelegatingConstructorAccessorImpl.newInstance(Unknown Source)
at java.lang.reflect.Constructor.newInstance(Unknown Source)
at java.lang.Class.newInstance(Unknown Source)
at org.openqa.selenium.support.PageFactory.instantiatePage(PageFactory.java:131)
at org.openqa.selenium.support.PageFactory.initElements(PageFactory.java:64)
at pages.LoginPage.<init>(LoginPage.java:29)
at sun.reflect.GeneratedConstructorAccessor3.newInstance(Unknown Source)
at sun.reflect.DelegatingConstructorAccessorImpl.newInstance(Unknown Source)
at java.lang.reflect.Constructor.newInstance(Unknown Source)
at java.lang.Class.newInstance(Unknown Source)
at org.openqa.selenium.support.PageFactory.instantiatePage(PageFactory.java:131)
at org.openqa.selenium.support.PageFactory.initElements(PageFactory.java:64)
at pages.LoginPage.<init>(LoginPage.java:29)
at sun.reflect.GeneratedConstructorAccessor3.newInstance(Unknown Source)
at sun.reflect.DelegatingConstructorAccessorImpl.newInstance(Unknown Source)
at java.lang.reflect.Constructor.newInstance(Unknown Source)
at java.lang.Class.newInstance(Unknown Source)
at org.openqa.selenium.support.PageFactory.instantiatePage(PageFactory.java:131)
at org.openqa.selenium.support.PageFactory.initElements(PageFactory.java:64)
at pages.LoginPage.<init>(LoginPage.java:29)
at sun.reflect.GeneratedConstructorAccessor3.newInstance(Unknown Source)
at sun.reflect.DelegatingConstructorAccessorImpl.newInstance(Unknown Source)
at java.lang.reflect.Constructor.newInstance(Unknown Source)
at java.lang.Class.newInstance(Unknown Source)
at org.openqa.selenium.support.PageFactory.instantiatePage(PageFactory.java:131)
at org.openqa.selenium.support.PageFactory.initElements(PageFactory.java:64)
at pages.LoginPage.<init>(LoginPage.java:29)
at sun.reflect.GeneratedConstructorAccessor3.newInstance(Unknown Source)
at sun.reflect.DelegatingConstructorAccessorImpl.newInstance(Unknown Source)
at java.lang.reflect.Constructor.newInstance(Unknown Source)
at java.lang.Class.newInstance(Unknown Source)
at org.openqa.selenium.support.PageFactory.instantiatePage(PageFactory.java:131)
at org.openqa.selenium.support.PageFactory.initElements(PageFactory.java:64)
at pages.LoginPage.<init>(LoginPage.java:29)
at sun.reflect.GeneratedConstructorAccessor3.newInstance(Unknown Source)
at sun.reflect.DelegatingConstructorAccessorImpl.newInstance(Unknown Source)
at java.lang.reflect.Constructor.newInstance(Unknown Source)
at java.lang.Class.newInstance(Unknown Source)
at org.openqa.selenium.support.PageFactory.instantiatePage(PageFactory.java:131)
at org.openqa.selenium.support.PageFactory.initElements(PageFactory.java:64)
at pages.LoginPage.<init>(LoginPage.java:29)
at sun.reflect.GeneratedConstructorAccessor3.newInstance(Unknown Source)
at sun.reflect.DelegatingConstructorAccessorImpl.newInstance(Unknown Source)
at java.lang.reflect.Constructor.newInstance(Unknown Source)
at java.lang.Class.newInstance(Unknown Source)
at org.openqa.selenium.support.PageFactory.instantiatePage(PageFactory.java:131)
at org.openqa.selenium.support.PageFactory.initElements(PageFactory.java:64)
at pages.LoginPage.<init>(LoginPage.java:29)
at sun.reflect.GeneratedConstructorAccessor3.newInstance(Unknown Source)
at sun.reflect.DelegatingConstructorAccessorImpl.newInstance(Unknown Source)
at java.lang.reflect.Constructor.newInstance(Unknown Source)
at java.lang.Class.newInstance(Unknown Source)
at org.openqa.selenium.support.PageFactory.instantiatePage(PageFactory.java:131)
at org.openqa.selenium.support.PageFactory.initElements(PageFactory.java:64)
at pages.LoginPage.<init>(LoginPage.java:29)
at sun.reflect.GeneratedConstructorAccessor3.newInstance(Unknown Source)
at sun.reflect.DelegatingConstructorAccessorImpl.newInstance(Unknown Source)
at java.lang.reflect.Constructor.newInstance(Unknown Source)
at java.lang.Class.newInstance(Unknown Source)
at org.openqa.selenium.support.PageFactory.instantiatePage(PageFactory.java:131)
at org.openqa.selenium.support.PageFactory.initElements(PageFactory.java:64)
at pages.LoginPage.<init>(LoginPage.java:29)
at sun.reflect.GeneratedConstructorAccessor3.newInstance(Unknown Source)
at sun.reflect.DelegatingConstructorAccessorImpl.newInstance(Unknown Source)
at java.lang.reflect.Constructor.newInstance(Unknown Source)
at java.lang.Class.newInstance(Unknown Source)
at org.openqa.selenium.support.PageFactory.instantiatePage(PageFactory.java:131)
at org.openqa.selenium.support.PageFactory.initElements(PageFactory.java:64)
at pages.LoginPage.<init>(LoginPage.java:29)
at sun.reflect.GeneratedConstructorAccessor3.newInstance(Unknown Source)
at sun.reflect.DelegatingConstructorAccessorImpl.newInstance(Unknown Source)
at java.lang.reflect.Constructor.newInstance(Unknown Source)
at java.lang.Class.newInstance(Unknown Source)
at org.openqa.selenium.support.PageFactory.instantiatePage(PageFactory.java:131)
at org.openqa.selenium.support.PageFactory.initElements(PageFactory.java:64)
at pages.LoginPage.<init>(LoginPage.java:29)
at sun.reflect.GeneratedConstructorAccessor3.newInstance(Unknown Source)
at sun.reflect.DelegatingConstructorAccessorImpl.newInstance(Unknown Source)
at java.lang.reflect.Constructor.newInstance(Unknown Source)
at java.lang.Class.newInstance(Unknown Source)
at org.openqa.selenium.support.PageFactory.instantiatePage(PageFactory.java:131)
at org.openqa.selenium.support.PageFactory.initElements(PageFactory.java:64)
at pages.LoginPage.<init>(LoginPage.java:29)
at sun.reflect.GeneratedConstructorAccessor3.newInstance(Unknown Source)
at sun.reflect.DelegatingConstructorAccessorImpl.newInstance(Unknown Source)
at java.lang.reflect.Constructor.newInstance(Unknown Source)
at java.lang.Class.newInstance(Unknown Source)
at org.openqa.selenium.support.PageFactory.instantiatePage(PageFactory.java:131)
at org.openqa.selenium.support.PageFactory.initElements(PageFactory.java:64)
at pages.LoginPage.<init>(LoginPage.java:29)
at sun.reflect.GeneratedConstructorAccessor3.newInstance(Unknown Source)
at sun.reflect.DelegatingConstructorAccessorImpl.newInstance(Unknown Source)
at java.lang.reflect.Constructor.newInstance(Unknown Source)
at java.lang.Class.newInstance(Unknown Source)
at org.openqa.selenium.support.PageFactory.instantiatePage(PageFactory.java:131)
at org.openqa.selenium.support.PageFactory.initElements(PageFactory.java:64)
at pages.LoginPage.<init>(LoginPage.java:29)
at sun.reflect.GeneratedConstructorAccessor3.newInstance(Unknown Source)
at sun.reflect.DelegatingConstructorAccessorImpl.newInstance(Unknown Source)
at java.lang.reflect.Constructor.newInstance(Unknown Source)
at java.lang.Class.newInstance(Unknown Source)
at org.openqa.selenium.support.PageFactory.instantiatePage(PageFactory.java:131)
at org.openqa.selenium.support.PageFactory.initElements(PageFactory.java:64)
at pages.LoginPage.<init>(LoginPage.java:29)
at sun.reflect.GeneratedConstructorAccessor3.newInstance(Unknown Source)
at sun.reflect.DelegatingConstructorAccessorImpl.newInstance(Unknown Source)
at java.lang.reflect.Constructor.newInstance(Unknown Source)
at java.lang.Class.newInstance(Unknown Source)
at org.openqa.selenium.support.PageFactory.instantiatePage(PageFactory.java:131)
at org.openqa.selenium.support.PageFactory.initElements(PageFactory.java:64)
at pages.LoginPage.<init>(LoginPage.java:29)
at sun.reflect.GeneratedConstructorAccessor3.newInstance(Unknown Source)
at sun.reflect.DelegatingConstructorAccessorImpl.newInstance(Unknown Source)
at java.lang.reflect.Constructor.newInstance(Unknown Source)
at java.lang.Class.newInstance(Unknown Source)
at org.openqa.selenium.support.PageFactory.instantiatePage(PageFactory.java:131)
at org.openqa.selenium.support.PageFactory.initElements(PageFactory.java:64)
at pages.LoginPage.<init>(LoginPage.java:29)
at sun.reflect.GeneratedConstructorAccessor3.newInstance(Unknown Source)
at sun.reflect.DelegatingConstructorAccessorImpl.newInstance(Unknown Source)
at java.lang.reflect.Constructor.newInstance(Unknown Source)
at java.lang.Class.newInstance(Unknown Source)
at org.openqa.selenium.support.PageFactory.instantiatePage(PageFactory.java:131)
at org.openqa.selenium.support.PageFactory.initElements(PageFactory.java:64)
at pages.LoginPage.<init>(LoginPage.java:29)
at sun.reflect.GeneratedConstructorAccessor3.newInstance(Unknown Source)
at sun.reflect.DelegatingConstructorAccessorImpl.newInstance(Unknown Source)
at java.lang.reflect.Constructor.newInstance(Unknown Source)
at java.lang.Class.newInstance(Unknown Source)
at org.openqa.selenium.support.PageFactory.instantiatePage(PageFactory.java:131)
at org.openqa.selenium.support.PageFactory.initElements(PageFactory.java:64)
at pages.LoginPage.<init>(LoginPage.java:29)
at sun.reflect.GeneratedConstructorAccessor3.newInstance(Unknown Source)
at sun.reflect.DelegatingConstructorAccessorImpl.newInstance(Unknown Source)
at java.lang.reflect.Constructor.newInstance(Unknown Source)
at java.lang.Class.newInstance(Unknown Source)
at org.openqa.selenium.support.PageFactory.instantiatePage(PageFactory.java:131)
at org.openqa.selenium.support.PageFactory.initElements(PageFactory.java:64)
at pages.LoginPage.<init>(LoginPage.java:29)
at sun.reflect.GeneratedConstructorAccessor3.newInstance(Unknown Source)
at sun.reflect.DelegatingConstructorAccessorImpl.newInstance(Unknown Source)
at java.lang.reflect.Constructor.newInstance(Unknown Source)
at java.lang.Class.newInstance(Unknown Source)
at org.openqa.selenium.support.PageFactory.instantiatePage(PageFactory.java:131)
at org.openqa.selenium.support.PageFactory.initElements(PageFactory.java:64)
at pages.LoginPage.<init>(LoginPage.java:29)
at sun.reflect.GeneratedConstructorAccessor3.newInstance(Unknown Source)
at sun.reflect.DelegatingConstructorAccessorImpl.newInstance(Unknown Source)
at java.lang.reflect.Constructor.newInstance(Unknown Source)
at java.lang.Class.newInstance(Unknown Source)
at org.openqa.selenium.support.PageFactory.instantiatePage(PageFactory.java:131)
at org.openqa.selenium.support.PageFactory.initElements(PageFactory.java:64)
at pages.LoginPage.<init>(LoginPage.java:29)
at sun.reflect.GeneratedConstructorAccessor3.newInstance(Unknown Source)
at sun.reflect.DelegatingConstructorAccessorImpl.newInstance(Unknown Source)
at java.lang.reflect.Constructor.newInstance(Unknown Source)
at java.lang.Class.newInstance(Unknown Source)
at org.openqa.selenium.support.PageFactory.instantiatePage(PageFactory.java:131)
at org.openqa.selenium.support.PageFactory.initElements(PageFactory.java:64)
at pages.LoginPage.<init>(LoginPage.java:29)
at sun.reflect.GeneratedConstructorAccessor3.newInstance(Unknown Source)
at sun.reflect.DelegatingConstructorAccessorImpl.newInstance(Unknown Source)
at java.lang.reflect.Constructor.newInstance(Unknown Source)
at java.lang.Class.newInstance(Unknown Source)
at org.openqa.selenium.support.PageFactory.instantiatePage(PageFactory.java:131)
at org.openqa.selenium.support.PageFactory.initElements(PageFactory.java:64)
at pages.LoginPage.<init>(LoginPage.java:29)
at sun.reflect.GeneratedConstructorAccessor3.newInstance(Unknown Source)
at sun.reflect.DelegatingConstructorAccessorImpl.newInstance(Unknown Source)
at java.lang.reflect.Constructor.newInstance(Unknown Source)
at java.lang.Class.newInstance(Unknown Source)
at org.openqa.selenium.support.PageFactory.instantiatePage(PageFactory.java:131)
at org.openqa.selenium.support.PageFactory.initElements(PageFactory.java:64)
at pages.LoginPage.<init>(LoginPage.java:29)
at sun.reflect.GeneratedConstructorAccessor3.newInstance(Unknown Source)
at sun.reflect.DelegatingConstructorAccessorImpl.newInstance(Unknown Source)
at java.lang.reflect.Constructor.newInstance(Unknown Source)
at java.lang.Class.newInstance(Unknown Source)
]]>
    </error>
  </testcase> <!-- setUp -->
</testsuite> <!-- tests.LoginPageTest -->
