<?xml version="1.0" encoding="UTF-8"?>
<!-- Generated by org.testng.reporters.JUnitReportReporter -->
<testsuite skipped="0" hostname="LAPTOP-A4KHUI6J" name="testUtils.TestUtility" tests="1" failures="0" timestamp="18 Feb 2019 05:13:04 GMT" time="9.514" errors="0">
  <testcase name="login" time="9.514" classname="testUtils.TestUtility"/>
</testsuite> <!-- testUtils.TestUtility -->
